# JRE version: OpenJDK Runtime Environment (18.0.2.1+1) (build 18.0.2.1+1-1)
# Java VM: OpenJDK 64-Bit Server VM (18.0.2.1+1-1, mixed mode, sharing, tiered, compressed oops, compressed class ptrs, g1 gc, windows-amd64)
GC Precious Log:
 CardTable entry size: 512
 Card Set container configuration: InlinePtr #cards 4 size 8 Array Of Cards #cards 16 size 48 Howl #buckets 8 coarsen threshold 3686 Howl Bitmap #cards 512 size 80 coarsen threshold 460 Card regions per heap region 1 cards per card region 4096
 CPUs: 8 total, 8 available
 Memory: 16178M
 Large Page Support: Disabled
 NUMA Support: Disabled
 Compressed Oops: Enabled (Zero based)
 Heap Region Size: 2M
 Heap Min Capacity: 8M
 Heap Initial Capacity: 254M
 Heap Max Capacity: 4046M
 Pre-touch: Disabled
 Parallel Workers: 8
 Concurrent Workers: 2
 Concurrent Refinement Workers: 8
 Periodic GC: Disabled
Heap:
 garbage-first heap   total 1204224K, used 722944K [0x0000000703200000, 0x0000000800000000)
  region size 2048K, 14 young (28672K), 14 survivors (28672K)
 Metaspace       used 12499K, committed 12736K, reserved 1114112K
  class space    used 1404K, committed 1536K, reserved 1048576K
GC Heap History (20 events):
Event: 19.563 GC heap after
{Heap after GC invocations=6 (full 0):
 garbage-first heap   total 526336K, used 105082K [0x0000000703200000, 0x0000000800000000)
  region size 2048K, 4 young (8192K), 4 survivors (8192K)
 Metaspace       used 12332K, committed 12608K, reserved 1114112K
  class space    used 1398K, committed 1536K, reserved 1048576K
}
Event: 19.696 GC heap before
{Heap before GC invocations=6 (full 0):
 garbage-first heap   total 526336K, used 162426K [0x0000000703200000, 0x0000000800000000)
  region size 2048K, 32 young (65536K), 4 survivors (8192K)
 Metaspace       used 12332K, committed 12608K, reserved 1114112K
  class space    used 1398K, committed 1536K, reserved 1048576K
}
Event: 19.731 GC heap after
{Heap after GC invocations=7 (full 0):
 garbage-first heap   total 526336K, used 113145K [0x0000000703200000, 0x0000000800000000)
  region size 2048K, 4 young (8192K), 4 survivors (8192K)
 Metaspace       used 12332K, committed 12608K, reserved 1114112K
  class space    used 1398K, committed 1536K, reserved 1048576K
}
Event: 19.806 GC heap before
{Heap before GC invocations=7 (full 0):
 garbage-first heap   total 526336K, used 137721K [0x0000000703200000, 0x0000000800000000)
  region size 2048K, 16 young (32768K), 4 survivors (8192K)
 Metaspace       used 12343K, committed 12608K, reserved 1114112K
  class space    used 1399K, committed 1536K, reserved 1048576K
}
Event: 19.824 GC heap after
{Heap after GC invocations=8 (full 0):
 garbage-first heap   total 526336K, used 115991K [0x0000000703200000, 0x0000000800000000)
  region size 2048K, 2 young (4096K), 2 survivors (4096K)
 Metaspace       used 12343K, committed 12608K, reserved 1114112K
  class space    used 1399K, committed 1536K, reserved 1048576K
}
Event: 24.590 GC heap before
{Heap before GC invocations=8 (full 0):
 garbage-first heap   total 526336K, used 197911K [0x0000000703200000, 0x0000000800000000)
  region size 2048K, 35 young (71680K), 2 survivors (4096K)
 Metaspace       used 12422K, committed 12672K, reserved 1114112K
  class space    used 1401K, committed 1536K, reserved 1048576K
}
Event: 24.598 GC heap after
{Heap after GC invocations=9 (full 0):
 garbage-first heap   total 526336K, used 130518K [0x0000000703200000, 0x0000000800000000)
  region size 2048K, 2 young (4096K), 2 survivors (4096K)
 Metaspace       used 12422K, committed 12672K, reserved 1114112K
  class space    used 1401K, committed 1536K, reserved 1048576K
}
Event: 25.385 GC heap before
{Heap before GC invocations=9 (full 0):
 garbage-first heap   total 526336K, used 392662K [0x0000000703200000, 0x0000000800000000)
  region size 2048K, 130 young (266240K), 2 survivors (4096K)
 Metaspace       used 12422K, committed 12672K, reserved 1114112K
  class space    used 1401K, committed 1536K, reserved 1048576K
}
Event: 25.470 GC heap after
{Heap after GC invocations=10 (full 0):
 garbage-first heap   total 526336K, used 218986K [0x0000000703200000, 0x0000000800000000)
  region size 2048K, 17 young (34816K), 17 survivors (34816K)
 Metaspace       used 12422K, committed 12672K, reserved 1114112K
  class space    used 1401K, committed 1536K, reserved 1048576K
}
Event: 29.782 GC heap before
{Heap before GC invocations=10 (full 0):
 garbage-first heap   total 526336K, used 380778K [0x0000000703200000, 0x0000000800000000)
  region size 2048K, 96 young (196608K), 17 survivors (34816K)
 Metaspace       used 12485K, committed 12736K, reserved 1114112K
  class space    used 1404K, committed 1536K, reserved 1048576K
}
Event: 29.888 GC heap after
{Heap after GC invocations=11 (full 0):
 garbage-first heap   total 1204224K, used 336896K [0x0000000703200000, 0x0000000800000000)
  region size 2048K, 12 young (24576K), 12 survivors (24576K)
 Metaspace       used 12485K, committed 12736K, reserved 1114112K
  class space    used 1404K, committed 1536K, reserved 1048576K
}
Event: 30.250 GC heap before
{Heap before GC invocations=11 (full 0):
 garbage-first heap   total 1204224K, used 484352K [0x0000000703200000, 0x0000000800000000)
  region size 2048K, 84 young (172032K), 12 survivors (24576K)
 Metaspace       used 12485K, committed 12736K, reserved 1114112K
  class space    used 1404K, committed 1536K, reserved 1048576K
}
Event: 30.270 GC heap after
{Heap after GC invocations=12 (full 0):
 garbage-first heap   total 1204224K, used 342236K [0x0000000703200000, 0x0000000800000000)
  region size 2048K, 1 young (2048K), 1 survivors (2048K)
 Metaspace       used 12485K, committed 12736K, reserved 1114112K
  class space    used 1404K, committed 1536K, reserved 1048576K
}
Event: 31.555 GC heap before
{Heap before GC invocations=12 (full 0):
 garbage-first heap   total 1204224K, used 831708K [0x0000000703200000, 0x0000000800000000)
  region size 2048K, 240 young (491520K), 1 survivors (2048K)
 Metaspace       used 12499K, committed 12736K, reserved 1114112K
  class space    used 1404K, committed 1536K, reserved 1048576K
}
Event: 31.698 GC heap after
{Heap after GC invocations=13 (full 0):
 garbage-first heap   total 1204224K, used 479232K [0x0000000703200000, 0x0000000800000000)
  region size 2048K, 30 young (61440K), 30 survivors (61440K)
 Metaspace       used 12499K, committed 12736K, reserved 1114112K
  class space    used 1404K, committed 1536K, reserved 1048576K
}
Event: 32.159 GC heap before
{Heap before GC invocations=13 (full 0):
 garbage-first heap   total 1204224K, used 643072K [0x0000000703200000, 0x0000000800000000)
  region size 2048K, 110 young (225280K), 30 survivors (61440K)
 Metaspace       used 12499K, committed 12736K, reserved 1114112K
  class space    used 1404K, committed 1536K, reserved 1048576K
}
Event: 32.217 GC heap after
{Heap after GC invocations=14 (full 0):
 garbage-first heap   total 1204224K, used 523264K [0x0000000703200000, 0x0000000800000000)
  region size 2048K, 14 young (28672K), 14 survivors (28672K)
 Metaspace       used 12499K, committed 12736K, reserved 1114112K
  class space    used 1404K, committed 1536K, reserved 1048576K
}
Event: 32.852 GC heap before
{Heap before GC invocations=14 (full 0):
 garbage-first heap   total 1204224K, used 781312K [0x0000000703200000, 0x0000000800000000)
  region size 2048K, 140 young (286720K), 14 survivors (28672K)
 Metaspace       used 12499K, committed 12736K, reserved 1114112K
  class space    used 1404K, committed 1536K, reserved 1048576K
}
Event: 32.928 GC heap after
{Heap after GC invocations=15 (full 0):
 garbage-first heap   total 1204224K, used 606208K [0x0000000703200000, 0x0000000800000000)
  region size 2048K, 18 young (36864K), 18 survivors (36864K)
 Metaspace       used 12499K, committed 12736K, reserved 1114112K
  class space    used 1404K, committed 1536K, reserved 1048576K
}
Event: 33.423 GC heap before
{Heap before GC invocations=15 (full 0):
 garbage-first heap   total 1204224K, used 798720K [0x0000000703200000, 0x0000000800000000)
  region size 2048K, 112 young (229376K), 18 survivors (36864K)
 Metaspace       used 12499K, committed 12736K, reserved 1114112K
  class space    used 1404K, committed 1536K, reserved 1048576K
}

